"../../../Engine/Content/Functions/Engine_MaterialFunctions01/Opacity/CameraDepthFade.uasset" 0
"../../../Engine/Content/EngineMaterials/T_Default_Material_Grid_M.uasset" 1
"../../../Engine/Content/EngineMaterials/T_Default_Material_Grid_N.uasset" 2
"../../../Engine/Content/EngineMaterials/DefaultMaterial.uasset" 3
"../../../Engine/Content/BasicShapes/Cone.uasset" 4
"../../../Engine/Content/BasicShapes/Cylinder.uasset" 5
"../../../Engine/Content/EngineMaterials/WorldGridMaterial.uasset" 6
"../../../Engine/Content/BasicShapes/Plane.uasset" 7
"../../../Engine/Content/BasicShapes/Sphere.uasset" 8
"../../../Engine/Content/EditorLandscapeResources/DataLayer.uasset" 9
"../../../Engine/Content/EditorMaterials/GizmoMaterial.uasset" 10
"../../../Engine/Content/EditorMaterials/MAT_Groups_Toggle.uasset" 11
"../../../Engine/Content/EditorMaterials/MAT_Groups_Visibility.uasset" 12
"../../../Engine/Content/EditorMaterials/PreviewShadowIndicator.uasset" 13
"../../../Engine/Content/EditorMaterials/PreviewShadowIndicatorMaterial.uasset" 14
"../../../Engine/Content/EditorMaterials/AssetViewer/EpicQuadPanorama_CC+EV1.uasset" 15
"../../../Engine/Content/EditorMaterials/MatineeGroups/MAT_ColorTrack.uasset" 16
"../../../Engine/Content/EditorMaterials/MatineeGroups/MAT_Groups_Anim.uasset" 17
"../../../Engine/Content/EditorMaterials/MatineeGroups/MAT_Groups_AudioMaster.uasset" 18
"../../../Engine/Content/EditorMaterials/MatineeGroups/MAT_Groups_Director.uasset" 19
"../../../Engine/Content/EditorMaterials/MatineeGroups/MAT_Groups_Event.uasset" 20
"../../../Engine/Content/EditorMaterials/MatineeGroups/MAT_Groups_Fade.uasset" 21
"../../../Engine/Content/EditorMaterials/MatineeGroups/MAT_Groups_Float.uasset" 22
"../../../Engine/Content/EditorMaterials/MatineeGroups/MAT_Groups_Move.uasset" 23
"../../../Engine/Content/EditorMaterials/MatineeGroups/MAT_Groups_Slomo.uasset" 24
"../../../Engine/Content/EditorMaterials/MatineeGroups/MAT_Groups_Sound.uasset" 25
"../../../Engine/Content/EditorMaterials/MatineeGroups/MAT_Groups_Vector.uasset" 26
"../../../Engine/Content/EditorMaterials/ParticleSystems/PSysThumbnail_NoImage.uasset" 27
"../../../Engine/Content/EditorMaterials/ParticleSystems/PSysThumbnail_OOD.uasset" 28
"../../../Engine/Content/EditorMaterials/Camera/CineMat.uasset" 29
"../../../Engine/Content/EditorMaterials/Camera/MI_CineMat_Rig.uasset" 30
"../../../Engine/Content/EditorMeshes/Camera/SM_CraneRig_Arm.uasset" 31
"../../../Engine/Content/EditorMeshes/Camera/SM_CraneRig_Base.uasset" 32
"../../../Engine/Content/EditorMeshes/Camera/SM_CraneRig_Body.uasset" 33
"../../../Engine/Content/EditorMeshes/Camera/SM_CraneRig_Mount.uasset" 34
"../../../Engine/Content/EditorMeshes/Camera/SM_RailRig_Mount.uasset" 35
"../../../Engine/Content/EditorMeshes/Camera/SM_RailRig_Track.uasset" 36
"../../../Engine/Content/EditorResources/BSPVertex.uasset" 37
"../../../Engine/Content/EditorResources/EmptyActor.uasset" 38
"../../../Engine/Content/EditorResources/RGBTable16x1_AssetViewer.uasset" 39
"../../../Engine/Content/EditorResources/S_Actor.uasset" 40
"../../../Engine/Content/EditorResources/S_Trigger.uasset" 41
"../../../Engine/Content/EditorResources/AudioIcons/S_AudioComponent.uasset" 42
"../../../Engine/Content/EditorResources/AudioIcons/S_AudioComponent_AutoActivate.uasset" 43
"../../../Engine/Content/EditorResources/LightIcons/S_LightError.uasset" 44
"../../../Engine/Content/EditorResources/SequenceRecorder/Countdown.uasset" 45
"../../../Engine/Content/EditorResources/SequenceRecorder/RecordingIndicator.uasset" 46
"../../../Engine/Content/EditorSounds/Notifications/CompileFailed.uasset" 47
"../../../Engine/Content/EditorSounds/Notifications/CompileFailed_Cue.uasset" 48
"../../../Engine/Content/EditorSounds/Notifications/CompileSuccess.uasset" 49
"../../../Engine/Content/EditorSounds/Notifications/CompileStart_Cue.uasset" 50
"../../../Engine/Content/EditorSounds/Notifications/CompileSuccess_Cue.uasset" 51
"../../../Engine/Content/EngineDamageTypes/DmgTypeBP_Environmental.uasset" 52
"../../../Engine/Content/EngineDebugMaterials/HeatmapGradient.uasset" 53
"../../../Engine/Content/EngineDebugMaterials/BoneWeightMaterial.uasset" 54
"../../../Engine/Content/EngineDebugMaterials/DebugMeshMaterial.uasset" 55
"../../../Engine/Content/EngineDebugMaterials/GeomMaterial.uasset" 56
"../../../Engine/Content/EngineFonts/Faces/RobotoBold.uasset" 57
"../../../Engine/Content/EngineFonts/Faces/RobotoBoldItalic.uasset" 58
"../../../Engine/Content/EngineFonts/Faces/RobotoItalic.uasset" 59
"../../../Engine/Content/EngineFonts/Faces/RobotoLight.uasset" 60
"../../../Engine/Content/EngineFonts/Faces/RobotoRegular.uasset" 61
"../../../Engine/Content/EngineFonts/Roboto.uasset" 62
"../../../Engine/Content/EngineFonts/Faces/RobotoTiny.uasset" 63
"../../../Engine/Content/EngineFonts/RobotoTiny.uasset" 64
"../../../Engine/Content/EngineMaterials/DefaultBokeh.uasset" 65
"../../../Engine/Content/EngineMaterials/DefaultDiffuse.uasset" 66
"../../../Engine/Content/EngineMaterials/DefaultDeferredDecalMaterial.uasset" 67
"../../../Engine/Content/EngineMaterials/DefaultLightFunctionMaterial.uasset" 68
"../../../Engine/Content/EngineMaterials/DefaultPhysicalMaterial.uasset" 69
"../../../Engine/Content/Functions/Engine_MaterialFunctions02/Utility/BreakOutFloat2Components.uasset" 70
"../../../Engine/Content/EngineMaterials/DefaultPostProcessMaterial.uasset" 71
"../../../Engine/Content/EngineFonts/RobotoDistanceField.uasset" 72
"../../../Engine/Content/EngineMaterials/DefaultTextMaterialOpaque.uasset" 73
"../../../Engine/Content/EngineMaterials/DefaultWhiteGrid.uasset" 74
"../../../Engine/Content/EngineMaterials/EditorBrushMaterial.uasset" 75
"../../../Engine/Content/EngineMaterials/Good64x64TilingNoiseHighFreq.uasset" 76
"../../../Engine/Content/EngineMaterials/MiniFont.uasset" 77
"../../../Engine/Content/EngineMaterials/InvalidLightmapSettings.uasset" 78
"../../../Engine/Content/EngineMaterials/M_InvalidLightmapSettings.uasset" 79
"../../../Engine/Content/EngineMaterials/PhAT_JointLimitMaterial.uasset" 80
"../../../Engine/Content/EngineMaterials/PreintegratedSkinBRDF.uasset" 81
"../../../Engine/Content/EngineMaterials/RemoveSurfaceMaterial.uasset" 82
"../../../Engine/Content/EngineMaterials/WeightMapPlaceholderTexture.uasset" 83
"../../../Engine/Content/EngineResources/WhiteSquareTexture.uasset" 84
"../../../Engine/Content/EngineMaterials/Widget3DPassThrough.uasset" 85
"../../../Engine/Content/EngineMaterials/Widget3DPassThrough_Masked.uasset" 86
"../../../Engine/Content/EngineMaterials/Widget3DPassThrough_Opaque.uasset" 87
"../../../Engine/Content/EngineMaterials/Widget3DPassThrough_Masked_OneSided.uasset" 88
"../../../Engine/Content/EngineMaterials/Widget3DPassThrough_Opaque_OneSided.uasset" 89
"../../../Engine/Content/EngineMaterials/Widget3DPassThrough_Translucent.uasset" 90
"../../../Engine/Content/EngineMaterials/Widget3DPassThrough_Translucent_OneSided.uasset" 91
"../../../Engine/Content/EngineMeshes/Cube.uasset" 92
"../../../Engine/Content/EngineMeshes/Cylinder.uasset" 93
"../../../Engine/Content/EngineMeshes/Sphere.uasset" 94
"../../../Engine/Content/EngineResources/Black.uasset" 95
"../../../Engine/Content/EngineResources/DefaultTexture.uasset" 96
"../../../Engine/Content/EngineResources/DefaultTextureCube.uasset" 97
"../../../Engine/Content/EngineResources/GradientTexture0.uasset" 98
"../../../Engine/Content/EngineSounds/Master.uasset" 99
"../../../Engine/Content/Functions/Engine_MaterialFunctions01/Shading/ConvertFromDiffSpec.uasset" 100
"../../../Engine/Content/Functions/Engine_MaterialFunctions01/Shading/PowerToRoughness.uasset" 101
"../../../Engine/Content/Maps/Templates/Thumbnails/Default.uasset" 102
"../../../Engine/Content/Maps/Templates/Thumbnails/VR-Basic.uasset" 103
"../../../Engine/Content/MobileResources/T_MobileControls_texture.uasset" 104
"../../../Engine/Content/MobileResources/T_MobileMenu2.uasset" 105
"../../../Engine/Content/MobileResources/HUD/AnalogHat.uasset" 106
"../../../Engine/Content/MobileResources/HUD/VirtualJoystick_Background.uasset" 107
"../../../Engine/Content/MobileResources/HUD/VirtualJoystick_Thumb.uasset" 108
"../../../Engine/Content/MobileResources/HUD/DefaultVirtualJoysticks.uasset" 109
"../../../Engine/Content/MobileResources/HUD/LeftVirtualJoystickOnly.uasset" 110
"../../../Engine/Content/MobileResources/HUD/MobileHUDButton1_off.uasset" 111
"../../../Engine/Content/MobileResources/HUD/MobileHUDButton1_on.uasset" 112
"../../../Engine/Content/MobileResources/HUD/MobileHUDButton2_off.uasset" 113
"../../../Engine/Content/MobileResources/HUD/MobileHUDButton2_on.uasset" 114
"../../../Engine/Content/MobileResources/HUD/MobileHUDButton3.uasset" 115
"../../../Engine/Content/MobileResources/HUD/MobileHUDButtonFire.uasset" 116
"../../../Engine/Content/MobileResources/HUD/MobileHUDDirectionPad.uasset" 117
"../../../Engine/Content/MobileResources/HUD/MobileHUDDirectionPad2.uasset" 118
"../../../Engine/Content/MobileResources/HUD/MobileHUDDirectionPad3.uasset" 119
"../../../Engine/Content/MobileResources/HUD/MobileHUDDirectionStick.uasset" 120
"../../../Engine/Content/MobileResources/HUD/T_Castle_ThumbstickInner.uasset" 121
"../../../Engine/Content/MobileResources/HUD/T_Castle_ThumbstickOutter.uasset" 122
"../../../Engine/Content/Tutorial/ContentIntroCurve.uasset" 123
"../../../Engine/Content/Tutorial/Basics/TutorialAssets/icon_tab_Levels_40x.uasset" 124
"../../../Engine/Content/Tutorial/BlueprintTutorials/TutorialAssets/BlueprintInterface_64x.uasset" 125
"../../../Engine/Content/Tutorial/BlueprintTutorials/TutorialAssets/BlueprintMacroLibrary_64x.uasset" 126
"../../../Engine/Content/Tutorial/BlueprintTutorials/TutorialAssets/Blueprint_64x.uasset" 127
"../../../Engine/Content/Tutorial/BlueprintTutorials/TutorialAssets/Tutorial_BP_Interface.uasset" 128
"../../../Engine/Content/Tutorial/Foliage/TutorialAssets/Foliage.uasset" 129
"../../../Engine/Content/Tutorial/Landscape/TutorialAssets/Landscape.uasset" 130
"../../../Engine/Content/Tutorial/Paper2D/TutorialAssets/Paper2DFlipbook_TutorialIcon.uasset" 131
"../../../Engine/Content/Tutorial/Paper2D/TutorialAssets/Paper2DSprite_TutorialIcon.uasset" 132
"../../../Engine/Content/Tutorial/SubEditors/TutorialAssets/icon_Editor_Preferences_General_40x.uasset" 133
"../../../Engine/Content/Tutorial/SubEditors/TutorialAssets/icon_ShowSkeletalMeshes_40x.uasset" 134
"../../../Engine/Content/Tutorial/SubEditors/TutorialAssets/TutorialMaterial.uasset" 135
"../../../Engine/Content/Tutorial/SubEditors/TutorialAssets/T_SmokeSubUV_8X8.uasset" 136
"../../../Engine/Content/Tutorial/SubEditors/TutorialAssets/T_soft_smoke.uasset" 137
"../../../Engine/Content/Tutorial/SubEditors/TutorialAssets/M_smoke_subUV_blackbody.uasset" 138
"../../../Engine/Content/Tutorial/SubEditors/TutorialAssets/TutorialParticleSystem.uasset" 139
"../../../Engine/Content/EditorMeshes/EditorCube.uasset" 140
"../../../Engine/Content/Tutorial/SubEditors/TutorialAssets/Tutorial_DM.uasset" 141
"../../../Engine/Content/VREditor/Devices/Generic/GenericHMDMaterial.uasset" 142
"../../../Engine/Content/VREditor/Devices/Generic/GenericHMD.uasset" 143
"../../../Engine/Content/VREditor/FloatingText/LineMaterial.uasset" 144
"../../../Engine/Content/VREditor/FloatingText/JointSphere.uasset" 145
"../../../Engine/Content/VREditor/FloatingText/LineSegmentCylinder.uasset" 146
"../../../Engine/Content/VREditor/Fonts/VRText_RobotoLarge.uasset" 147
"../../../Engine/Content/VREditor/Fonts/VRTextMaterial.uasset" 148
"../../../Engine/Content/VREditor/Fonts/TranslucentVRTextMaterial.uasset" 149
"../../../Engine/Content/VREditor/LaserPointer/VR_LaserPower_01.uasset" 150
"../../../Engine/Content/VREditor/LaserPointer/LaserPointerMaterial.uasset" 151
"../../../Engine/Content/VREditor/LaserPointer/LaserPointerMaterialInst.uasset" 152
"../../../Engine/Content/VREditor/LaserPointer/TranslucentLaserPointerMaterialInst.uasset" 153
"../../../Engine/Content/VREditor/LaserPointer/LaserPointerMesh.uasset" 154
"../../../Engine/Content/VREditor/Sounds/VR_grab_Cue.uasset" 155
"../../../Engine/Content/VREditor/Sounds/VR_teleport_Cue.uasset" 156
"../../../Engine/Content/VREditor/TransformGizmo/TransformGizmoMaterial.uasset" 157
"../../../Engine/Content/VREditor/TransformGizmo/TranslucentTransformGizmoMaterial.uasset" 158
"../../../Engine/Content/VREditor/TransformGizmo/BoundingBoxCorner.uasset" 159
"../../../Engine/Content/VREditor/TransformGizmo/BoundingBoxEdge.uasset" 160
"../../../Engine/Content/VREditor/TransformGizmo/PlaneTranslationHandle.uasset" 161
"../../../Engine/Content/VREditor/TransformGizmo/RotationHandle.uasset" 162
"../../../Engine/Content/VREditor/TransformGizmo/RotationHandleFull.uasset" 163
"../../../Engine/Content/VREditor/TransformGizmo/StretchingHandle.uasset" 164
"../../../Engine/Content/VREditor/TransformGizmo/TranslateHandleLong.uasset" 165
"../../../Engine/Content/VREditor/TransformGizmo/TranslationHandle.uasset" 166
"../../../Engine/Content/VREditor/TransformGizmo/UniformScaleHandle.uasset" 167
"../../../Engine/Content/VREditor/UI/CloseButtonMesh.uasset" 168
"../../../Engine/Content/VREditor/UI/SelectionBarMesh.uasset" 169
"../../../Engine/Content/Functions/Engine_MaterialFunctions01/Gradient/RadialGradient.uasset" 170
"../../../Engine/Content/VREditor/WorldMovementGrid/SimpleGrid.uasset" 171
"../../../Engine/Content/VREditor/WorldMovementGrid/GridMaterial.uasset" 172
"../../../Engine/Content/Functions/Engine_MaterialFunctions01/Density/ExponentialDensity.uasset" 173
"../../../Engine/Content/VREditor/WorldMovementGrid/GridPostProcess.uasset" 174
"../../../Engine/Content/EditorLandscapeResources/FlattenHeightMat.uasset" 175
"../../../Engine/Content/VREditor/WorldMovementGrid/PlaneMesh.uasset" 176
"../../../Engine/Content/EngineMeshes/Humanoid.uasset" 177
"../../../Gladiator/Content/InfinityBladeWarriors/Character/CompleteCharacters/SK_Mannequin_Skeleton.uasset" 178
"../../../Gladiator/Content/InfinityBladeWarriors/Animation/ThirdPerson_Jump.uasset" 179
"../../../Gladiator/Content/InfinityBladeWarriors/Animation/ThirdPersonJump_Loop.uasset" 180
"../../../Gladiator/Content/InfinityBladeWarriors/Animation/ThirdPersonJump_Start.uasset" 181
"../../../Gladiator/Content/InfinityBladeWarriors/Animation/ThirdPersonIdle.uasset" 182
"../../../Gladiator/Content/InfinityBladeWarriors/Animation/ThirdPersonRun.uasset" 183
"../../../Gladiator/Content/InfinityBladeWarriors/Animation/ThirdPersonWalk.uasset" 184
"../../../Gladiator/Content/InfinityBladeWarriors/Animation/ThirdPerson_IdleRun_2D.uasset" 185
"../../../Engine/Content/EditorBlueprintResources/StandardMacros.uasset" 186
"../../../Gladiator/Content/InfinityBladeWarriors/Animation/0_BaseAnimBP.uasset" 187
"../../../Gladiator/Content/Mannequin/Character/Mesh/UE4_Mannequin_Skeleton.uasset" 188
"../../../Gladiator/Content/Mannequin/Animations/ThirdPerson_Jump.uasset" 189
"../../../Gladiator/Content/Mannequin/Animations/ThirdPersonJump_Loop.uasset" 190
"../../../Gladiator/Content/Mannequin/Animations/ThirdPersonJump_Start.uasset" 191
"../../../Gladiator/Content/Mannequin/Animations/ThirdPersonIdle.uasset" 192
"../../../Gladiator/Content/Mannequin/Animations/ThirdPersonRun.uasset" 193
"../../../Gladiator/Content/Mannequin/Animations/ThirdPersonWalk.uasset" 194
"../../../Gladiator/Content/Mannequin/Animations/ThirdPerson_IdleRun_2D.uasset" 195
"../../../Gladiator/Content/Mannequin/Animations/ThirdPerson_AnimBP.uasset" 196
"../../../Gladiator/Content/InfinityBladeWarriors/Character/CompleteCharacters/Textures_Materials/CharM_Base/T_CharM_Base_D.uasset" 197
"../../../Gladiator/Content/InfinityBladeWarriors/Character/CompleteCharacters/Textures_Materials/CharM_Base/T_CharM_Base_M.uasset" 198
"../../../Gladiator/Content/InfinityBladeWarriors/Character/CompleteCharacters/Textures_Materials/CharM_Base/T_CharM_Base_N.uasset" 199
"../../../Gladiator/Content/InfinityBladeWarriors/Character/CompleteCharacters/Textures_Materials/CharM_Base/M_CharM_Base.uasset" 200
"../../../Gladiator/Content/InfinityBladeWarriors/Character/CompleteCharacters/sk_CharM_Base.uasset" 201
"../../../Gladiator/Content/Blueprints/Characters/0_Base.uasset" 202
"../../../Gladiator/Content/InfinityBladeWarriors/Character/CompleteCharacters/Textures_Materials/CharM_Barbarous/T_CharM_Barbarous_D.uasset" 203
"../../../Gladiator/Content/InfinityBladeWarriors/Character/CompleteCharacters/Textures_Materials/CharM_Barbarous/T_CharM_Barbarous_MetalMask.uasset" 204
"../../../Gladiator/Content/InfinityBladeWarriors/Character/CompleteCharacters/Textures_Materials/CharM_Barbarous/T_CharM_Barbarous_N.uasset" 205
"../../../Gladiator/Content/InfinityBladeWarriors/Character/CompleteCharacters/Textures_Materials/CharM_Barbarous/M_Char_Barbrous.uasset" 206
"../../../Gladiator/Content/InfinityBladeWarriors/Character/CompleteCharacters/SK_CharM_Barbarous.uasset" 207
"../../../Gladiator/Content/Blueprints/Characters/Barbarous.uasset" 208
"../../../Gladiator/Content/InfinityBladeWarriors/Character/CompleteCharacters/Textures_Materials/CharM_Forge/CharM_Forge_D.uasset" 209
"../../../Gladiator/Content/InfinityBladeWarriors/Character/CompleteCharacters/Textures_Materials/CharM_Forge/CharM_Forge_MetalMask.uasset" 210
"../../../Gladiator/Content/InfinityBladeWarriors/Character/CompleteCharacters/Textures_Materials/CharM_Forge/CharM_Forge_N.uasset" 211
"../../../Gladiator/Content/InfinityBladeWarriors/Character/CompleteCharacters/Textures_Materials/CharM_Forge/M_Char_Forge.uasset" 212
"../../../Gladiator/Content/InfinityBladeWarriors/Character/CompleteCharacters/SK_CharM_Forge.uasset" 213
"../../../Gladiator/Content/Blueprints/Characters/Forge.uasset" 214
"../../../Gladiator/Content/InfinityBladeWarriors/Character/CompleteCharacters/Textures_Materials/CharM_FrostGiant/T_Char_M_FrostGiant_D.uasset" 215
"../../../Gladiator/Content/InfinityBladeWarriors/Character/CompleteCharacters/Textures_Materials/CharM_FrostGiant/T_Char_M_FrostGiant_Masks.uasset" 216
"../../../Gladiator/Content/InfinityBladeWarriors/Character/CompleteCharacters/Textures_Materials/CharM_FrostGiant/T_Char_M_FrostGiant_MaterialMask.uasset" 217
"../../../Gladiator/Content/InfinityBladeWarriors/Character/CompleteCharacters/Textures_Materials/CharM_FrostGiant/T_Char_M_FrostGiant_N.uasset" 218
"../../../Gladiator/Content/InfinityBladeWarriors/Character/CompleteCharacters/Textures_Materials/CharM_FrostGiant/M_Char_FrostGiant.uasset" 219
"../../../Gladiator/Content/InfinityBladeWarriors/Character/CompleteCharacters/SK_CharM_FrostGiant.uasset" 220
"../../../Gladiator/Content/Blueprints/Characters/Frosty.uasset" 221
"../../../Gladiator/Content/InfinityBladeWarriors/Character/CompleteCharacters/Textures_Materials/CharM_Natural/T_CharM_Natural_D.uasset" 222
"../../../Gladiator/Content/InfinityBladeWarriors/Character/CompleteCharacters/Textures_Materials/CharM_Natural/T_CharM_Natural_Mask.uasset" 223
"../../../Gladiator/Content/InfinityBladeWarriors/Character/CompleteCharacters/Textures_Materials/CharM_Natural/T_CharM_Natural_N.uasset" 224
"../../../Gladiator/Content/InfinityBladeWarriors/Character/CompleteCharacters/Textures_Materials/CharM_Natural/M_Char_Natural.uasset" 225
"../../../Gladiator/Content/InfinityBladeWarriors/Character/CompleteCharacters/SK_CharM_Natural.uasset" 226
"../../../Gladiator/Content/Blueprints/Characters/Natural.uasset" 227
"../../../Gladiator/Content/InfinityBladeWarriors/Character/CompleteCharacters/Textures_Materials/CharM_Pit/T_CharM_Pit_D.uasset" 228
"../../../Gladiator/Content/InfinityBladeWarriors/Character/CompleteCharacters/Textures_Materials/CharM_Pit/T_CharM_Pit_Mask.uasset" 229
"../../../Gladiator/Content/InfinityBladeWarriors/Character/CompleteCharacters/Textures_Materials/CharM_Pit/T_CharM_Pit_N.uasset" 230
"../../../Gladiator/Content/InfinityBladeWarriors/Character/CompleteCharacters/Textures_Materials/CharM_Pit/M_Char_Pit.uasset" 231
"../../../Gladiator/Content/InfinityBladeWarriors/Character/CompleteCharacters/SK_CharM_Pit.uasset" 232
"../../../Gladiator/Content/Blueprints/Characters/Pitt.uasset" 233
"../../../Gladiator/Content/InfinityBladeWarriors/Character/CompleteCharacters/Textures_Materials/CharM_Robo/T_CharM_Robo_D.uasset" 234
"../../../Gladiator/Content/InfinityBladeWarriors/Character/CompleteCharacters/Textures_Materials/CharM_Robo/T_CharM_Robo_Mask.uasset" 235
"../../../Gladiator/Content/InfinityBladeWarriors/Character/CompleteCharacters/Textures_Materials/CharM_Robo/T_CharM_Robo_N.uasset" 236
"../../../Gladiator/Content/InfinityBladeWarriors/Character/CompleteCharacters/Textures_Materials/CharM_Robo/M_Char_Robo.uasset" 237
"../../../Gladiator/Content/InfinityBladeWarriors/Character/CompleteCharacters/SK_CharM_Robo.uasset" 238
"../../../Gladiator/Content/Blueprints/Characters/Robo.uasset" 239
"../../../Gladiator/Content/InfinityBladeWarriors/Character/CompleteCharacters/Textures_Materials/CharM_Tusk/T_CharM_Tusk_D.uasset" 240
"../../../Gladiator/Content/InfinityBladeWarriors/Character/CompleteCharacters/Textures_Materials/CharM_Tusk/T_CharM_Tusk_E.uasset" 241
"../../../Gladiator/Content/InfinityBladeWarriors/Character/CompleteCharacters/Textures_Materials/CharM_Tusk/T_CharM_Tusk_Mask.uasset" 242
"../../../Gladiator/Content/InfinityBladeWarriors/Character/CompleteCharacters/Textures_Materials/CharM_Tusk/T_CharM_Tusk_N.uasset" 243
"../../../Gladiator/Content/InfinityBladeWarriors/Character/CompleteCharacters/Textures_Materials/CharM_Tusk/M_Char_Tusk.uasset" 244
"../../../Gladiator/Content/InfinityBladeWarriors/Character/CompleteCharacters/SK_CharM_Tusk.uasset" 245
"../../../Gladiator/Content/Blueprints/Characters/Tusk.uasset" 246
"../../../Gladiator/Content/InfinityBladeWarriors/Character/CompleteCharacters/Textures_Materials/CharM_Warrior/T_CharM_Warrior_JewelMask.uasset" 247
"../../../Gladiator/Content/InfinityBladeWarriors/Character/CompleteCharacters/Textures_Materials/CharM_Warrior/T_CharM_Warrior_N.uasset" 248
"../../../Gladiator/Content/InfinityBladeWarriors/Character/CompleteCharacters/Textures_Materials/CharM_Warrior/T_CharM_WarriorB_D.uasset" 249
"../../../Gladiator/Content/InfinityBladeWarriors/Character/CompleteCharacters/Textures_Materials/CharM_Warrior/T_CharM_WarriorB_Mask.uasset" 250
"../../../Gladiator/Content/InfinityBladeWarriors/Character/CompleteCharacters/Textures_Materials/CharM_Warrior/M_Char_Warrior_B.uasset" 251
"../../../Gladiator/Content/InfinityBladeWarriors/Character/CompleteCharacters/SK_CharM_Warrior.uasset" 252
"../../../Gladiator/Content/Blueprints/Characters/Warrior.uasset" 253
"../../../Gladiator/Content/InfinityBladeWarriors/Character/CompleteCharacters/Textures_Materials/CharM_Barbarous/T_CharM_BarbarousElite_D.uasset" 254
"../../../Gladiator/Content/InfinityBladeWarriors/Character/CompleteCharacters/Textures_Materials/CharM_Barbarous/M_Char_Barbarous_Elite.uasset" 255
"../../../Gladiator/Content/InfinityBladeWarriors/Character/CompleteCharacters/Textures_Materials/CharM_Barbarous/SK_CharM_Barbarous_Skeleton.uasset" 256
"../../../Gladiator/Content/InfinityBladeWarriors/Character/CompleteCharacters/Textures_Materials/CharM_Base/T_CharM_Base_D_MetalMask.uasset" 257
"../../../Gladiator/Content/InfinityBladeWarriors/Character/CompleteCharacters/Textures_Materials/CharM_Bladed/T_CharM_Bladed_Elite_D.uasset" 258
"../../../Gladiator/Content/InfinityBladeWarriors/Character/CompleteCharacters/Textures_Materials/CharM_Natural/T_CharM_NaturalElite_D.uasset" 259
"../../../Gladiator/Content/InfinityBladeWarriors/Character/CompleteCharacters/Textures_Materials/CharM_Natural/T_CharM_NaturalElite_Mask.uasset" 260
"../../../Gladiator/Content/InfinityBladeWarriors/Character/CompleteCharacters/Textures_Materials/CharM_Natural/T_CharM_NaturalElite_N.uasset" 261
"../../../Gladiator/Content/InfinityBladeWarriors/Character/CompleteCharacters/Textures_Materials/CharM_Pit/T_CharM_Trench_D.uasset" 262
"../../../Gladiator/Content/InfinityBladeWarriors/Character/CompleteCharacters/Textures_Materials/CharM_Pit/M_Char_Pit2.uasset" 263
"../../../Gladiator/Content/InfinityBladeWarriors/Character/CompleteCharacters/Textures_Materials/CharM_Pit/T_CharM_Pit3_D.uasset" 264
"../../../Gladiator/Content/InfinityBladeWarriors/Character/CompleteCharacters/Textures_Materials/CharM_Pit/M_Char_Pit3.uasset" 265
"../../../Gladiator/Content/InfinityBladeWarriors/Character/CompleteCharacters/Textures_Materials/CharM_Pit/T_CharM_Gorge_D.uasset" 266
"../../../Gladiator/Content/InfinityBladeWarriors/Character/CompleteCharacters/Textures_Materials/CharM_Ram/T_CharM_Ram_C_D.uasset" 267
"../../../Gladiator/Content/InfinityBladeWarriors/Character/CompleteCharacters/Textures_Materials/CharM_Ram/T_CharM_Ram_D.uasset" 268
"../../../Gladiator/Content/InfinityBladeWarriors/Character/CompleteCharacters/Textures_Materials/CharM_Shell/T_CharM_ShellB_D.uasset" 269
"../../../Gladiator/Content/InfinityBladeWarriors/Character/CompleteCharacters/Textures_Materials/CharM_Shell/T_CharM_Shell_C.uasset" 270
"../../../Gladiator/Content/InfinityBladeWarriors/Character/CompleteCharacters/Textures_Materials/CharM_Bladed/T_CharM_Bladed_D.uasset" 271
"../../../Gladiator/Content/InfinityBladeWarriors/Character/CompleteCharacters/Textures_Materials/CharM_Bladed/T_CharM_Bladed_MetalMask1.uasset" 272
"../../../Gladiator/Content/InfinityBladeWarriors/Character/CompleteCharacters/Textures_Materials/CharM_Bladed/T_CharM_Bladed_N.uasset" 273
"../../../Gladiator/Content/InfinityBladeWarriors/Character/CompleteCharacters/Textures_Materials/CharM_solid/M_CharM_Solid_Alternate.uasset" 274
"../../../Gladiator/Content/InfinityBladeWarriors/Character/CompleteCharacters/Textures_Materials/CharM_solid/T_CharM_Solid_Alt.uasset" 275
"../../../Gladiator/Content/InfinityBladeWarriors/Character/CompleteCharacters/Textures_Materials/CharM_solid/T_CharM_Solid_Alternate.uasset" 276
"../../../Gladiator/Content/InfinityBladeWarriors/Character/CompleteCharacters/Textures_Materials/CharM_solid/T_CharM_Solid_Alt_Mask.uasset" 277
"../../../Gladiator/Content/InfinityBladeWarriors/Character/CompleteCharacters/Textures_Materials/CharM_Warrior/T_CharM_Warrior_Emissive.uasset" 278
"../../../Gladiator/Content/Mannequin/Animations/ThirdPersonJump_End.uasset" 279
"../../../Gladiator/Content/StarterContent/Materials/M_Basic_Wall.uasset" 280
"../../../Gladiator/Content/StarterContent/Architecture/Pillar_50x500.uasset" 281
"../../../Gladiator/Content/StarterContent/Architecture/Wall_400x300.uasset" 282
"../../../Gladiator/Content/StarterContent/Architecture/Wall_400x400.uasset" 283
"../../../Gladiator/Content/StarterContent/Architecture/Wall_500x500.uasset" 284
"../../../Gladiator/Content/StarterContent/Architecture/Wall_Door_400x400.uasset" 285
"../../../Gladiator/Content/StarterContent/Architecture/Wall_Window_400x400.uasset" 286
"../../../Gladiator/Content/StarterContent/Audio/Light01_Cue.uasset" 287
"../../../Gladiator/Content/StarterContent/Audio/Light02_Cue.uasset" 288
"../../../Gladiator/Content/StarterContent/Audio/Explosion_Cue.uasset" 289
"../../../Gladiator/Content/StarterContent/Textures/T_Burst_M.uasset" 290
"../../../Gladiator/Content/StarterContent/Particles/Materials/M_Burst.uasset" 291
"../../../Gladiator/Content/StarterContent/Textures/T_Explosion_SubUV.uasset" 292
"../../../Gladiator/Content/StarterContent/Particles/Materials/M_explosion_subUV.uasset" 293
"../../../Gladiator/Content/StarterContent/Particles/Materials/m_flare_01.uasset" 294
"../../../Gladiator/Content/StarterContent/Particles/Materials/M_radial_ramp.uasset" 295
"../../../Gladiator/Content/StarterContent/Textures/T_Smoke_SubUV.uasset" 296
"../../../Gladiator/Content/StarterContent/Textures/T_Smoke_Tiled_D.uasset" 297
"../../../Gladiator/Content/StarterContent/Particles/Materials/M_smoke_subUV.uasset" 298
"../../../Gladiator/Content/StarterContent/Particles/P_Explosion.uasset" 299
"../../../Gladiator/Content/StarterContent/Blueprints/Blueprint_Effect_Explosion.uasset" 300
"../../../Engine/Content/EditorMeshes/ColorCalibrator/T_ColorGrid.uasset" 301
"../../../Gladiator/Content/StarterContent/Materials/M_ColorGrid_LowSpec.uasset" 302
"../../../Gladiator/Content/StarterContent/Textures/T_Bush_D.uasset" 303
"../../../Gladiator/Content/StarterContent/Textures/T_Bush_N.uasset" 304
"../../../Gladiator/Content/StarterContent/Props/Materials/M_Bush.uasset" 305
"../../../Gladiator/Content/StarterContent/Props/SM_Bush.uasset" 306
"../../../Gladiator/Content/StarterContent/Textures/T_Chair_M.uasset" 307
"../../../Gladiator/Content/StarterContent/Textures/T_Chair_N.uasset" 308
"../../../Gladiator/Content/StarterContent/Props/Materials/M_Chair.uasset" 309
"../../../Gladiator/Content/StarterContent/Props/SM_Couch.uasset" 310
"../../../Gladiator/Content/StarterContent/Materials/M_Glass.uasset" 311
"../../../Gladiator/Content/StarterContent/Textures/T_Door_M.uasset" 312
"../../../Gladiator/Content/StarterContent/Textures/T_Door_N.uasset" 313
"../../../Gladiator/Content/StarterContent/Props/Materials/M_Door.uasset" 314
"../../../Gladiator/Content/StarterContent/Props/SM_Door.uasset" 315
"../../../Gladiator/Content/StarterContent/Props/Materials/M_MaterialSphere.uasset" 316
"../../../Gladiator/Content/StarterContent/Props/Materials/M_MaterialSphere_Plain.uasset" 317
"../../../Gladiator/Content/StarterContent/Props/SM_MatPreviewMesh_02.uasset" 318
"../../../Engine/Content/Functions/Engine_MaterialFunctions02/Utility/BlendAngleCorrectedNormals.uasset" 319
"../../../Gladiator/Content/StarterContent/Textures/T_Detail_Rocky_N.uasset" 320
"../../../Gladiator/Content/StarterContent/Textures/T_Rock_Basalt_D.uasset" 321
"../../../Gladiator/Content/StarterContent/Textures/T_RockMesh_M.uasset" 322
"../../../Gladiator/Content/StarterContent/Textures/T_RockMesh_N.uasset" 323
"../../../Gladiator/Content/StarterContent/Props/Materials/M_Rock.uasset" 324
"../../../Gladiator/Content/StarterContent/Props/SM_Rock.uasset" 325
"../../../Gladiator/Content/StarterContent/Textures/T_Shelf_M.uasset" 326
"../../../Gladiator/Content/StarterContent/Textures/T_Shelf_N.uasset" 327
"../../../Gladiator/Content/StarterContent/Props/Materials/M_Shelf.uasset" 328
"../../../Gladiator/Content/StarterContent/Props/SM_Shelf.uasset" 329
"../../../Gladiator/Content/StarterContent/Materials/M_Basic_Floor.uasset" 330
"../../../Gladiator/Content/StarterContent/Props/SM_Stairs.uasset" 331
"../../../Gladiator/Content/StarterContent/Shapes/Shape_Cone.uasset" 332
"../../../Gladiator/Content/StarterContent/Shapes/Shape_Cylinder.uasset" 333
"../../../Gladiator/Content/StarterContent/Shapes/Shape_NarrowCapsule.uasset" 334
"../../../Gladiator/Content/StarterContent/Shapes/Shape_Pipe.uasset" 335
"../../../Gladiator/Content/StarterContent/Shapes/Shape_Pipe_180.uasset" 336
"../../../Gladiator/Content/StarterContent/Shapes/Shape_Pipe_90.uasset" 337
"../../../Gladiator/Content/StarterContent/Shapes/Shape_Plane.uasset" 338
"../../../Gladiator/Content/StarterContent/Shapes/Shape_Torus.uasset" 339
"../../../Gladiator/Content/StarterContent/Shapes/Shape_Trim.uasset" 340
"../../../Gladiator/Content/StarterContent/Shapes/Shape_Trim_90_In.uasset" 341
"../../../Gladiator/Content/StarterContent/Shapes/Shape_Trim_90_Out.uasset" 342
"../../../Gladiator/Content/StarterContent/Shapes/Shape_TriPyramid.uasset" 343
"../../../Gladiator/Content/StarterContent/Shapes/Shape_Tube.uasset" 344
"../../../Gladiator/Content/StarterContent/Shapes/Shape_Wedge_A.uasset" 345
"../../../Gladiator/Content/StarterContent/Shapes/Shape_Wedge_B.uasset" 346
"../../../Gladiator/Content/StarterContent/Shapes/Shape_WideCapsule.uasset" 347
"../../../Gladiator/Content/Textures/Arena01.uasset" 348
"../../../Gladiator/Content/Textures/Arena02.uasset" 349
"../../../Gladiator/Content/Textures/Char1.uasset" 350
"../../../Gladiator/Content/Textures/Char2.uasset" 351
"../../../Gladiator/Content/Textures/Char3.uasset" 352
"../../../Gladiator/Content/Textures/Char4.uasset" 353
"../../../Gladiator/Content/Textures/Char5.uasset" 354
"../../../Gladiator/Content/Textures/Char6.uasset" 355
"../../../Gladiator/Content/Textures/Char7.uasset" 356
"../../../Gladiator/Content/Textures/Char8.uasset" 357
"../../../Engine/Content/Functions/MaterialLayerFunctions/MatLayerBlend_NormalBlend.uasset" 358
"../../../Engine/Content/Functions/MaterialLayerFunctions/MatLayerBlend_Simple.uasset" 359
"../../../Gladiator/Content/Mannequin/Character/Materials/MaterialLayers/T_ML_Rubber_Blue_01_D.uasset" 360
"../../../Gladiator/Content/Mannequin/Character/Materials/MaterialLayers/T_ML_Rubber_Blue_01_N.uasset" 361
"../../../Gladiator/Content/Mannequin/Character/Materials/MaterialLayers/ML_GlossyBlack_Latex_UE4.uasset" 362
"../../../Gladiator/Content/Mannequin/Character/Materials/MaterialLayers/ML_Plastic_Shiny_Beige.uasset" 363
"../../../Gladiator/Content/Mannequin/Character/Textures/UE4_LOGO_CARD.uasset" 364
"../../../Gladiator/Content/Mannequin/Character/Materials/MaterialLayers/ML_Plastic_Shiny_Beige_LOGO.uasset" 365
"../../../Gladiator/Content/Mannequin/Character/Materials/MaterialLayers/T_ML_Aluminum01.uasset" 366
"../../../Gladiator/Content/Mannequin/Character/Materials/MaterialLayers/T_ML_Aluminum01_N.uasset" 367
"../../../Gladiator/Content/Mannequin/Character/Materials/MaterialLayers/ML_SoftMetal_UE4.uasset" 368
"../../../Gladiator/Content/Mannequin/Character/Textures/UE4_Mannequin__normals.uasset" 369
"../../../Gladiator/Content/Mannequin/Character/Textures/UE4_Mannequin_MAT_MASKA.uasset" 370
"../../../Gladiator/Content/Mannequin/Character/Materials/M_UE4Man_Body.uasset" 371
"../../../Gladiator/Content/Mannequin/Character/Textures/UE4Man_Logo_N.uasset" 372
"../../../Gladiator/Content/Mannequin/Character/Materials/M_UE4Man_ChestLogo.uasset" 373
"../../../Gladiator/Content/Mannequin/Character/Mesh/SK_Mannequin_PhysicsAsset.uasset" 374
"../../../Gladiator/Content/Mannequin/Character/Mesh/SK_Mannequin.uasset" 375
"../../../Gladiator/Content/ThirdPersonBP/Blueprints/ThirdPersonCharacter.uasset" 376
"../../../Gladiator/Content/ThirdPersonBP/Blueprints/ThirdPersonGameMode.uasset" 377
"../../../Gladiator/Content/UI/AllLevels/ChatText.uasset" 378
"../../../Gladiator/Content/UI/AllLevels/GameplayChat.uasset" 379
"../../../Gladiator/Content/Blueprints/AllLevels/PlayerInfo.uasset" 380
"../../../Gladiator/Content/UI/Lobby/ConnectedPlayer.uasset" 381
"../../../Gladiator/Content/UI/Lobby/PlayerButton.uasset" 382
"../../../Gladiator/Content/UI/MainMenu/ErrorDialog.uasset" 383
"../../../Engine/Plugins/2D/Paper2D/Content/DummySprite.uasset" 384
"../../../Engine/Plugins/2D/Paper2D/Content/DefaultPaperTerrainMaterial.uasset" 385
"../../../Engine/Plugins/2D/Paper2D/Content/DefaultSpriteMaterial.uasset" 386
"../../../Engine/Plugins/2D/Paper2D/Content/MaskedUnlitSpriteMaterial.uasset" 387
"../../../Engine/Plugins/2D/Paper2D/Content/OpaqueUnlitSpriteMaterial.uasset" 388
"../../../Engine/Plugins/2D/Paper2D/Content/PlaceholderTextures/DummySpriteTexture.uasset" 389
"../../../Gladiator/Content/Maps/TravelMap.umap" 390
"../../../Engine/Content/EngineSky/C_Sky_Cloud_Color.uasset" 391
"../../../Engine/Content/EngineSky/C_Sky_Horizon_Color.uasset" 392
"../../../Engine/Content/EngineSky/C_Sky_Zenith_Color.uasset" 393
"../../../Engine/Content/EngineSky/T_Sky_Blue.uasset" 394
"../../../Engine/Content/EngineSky/T_Sky_Clouds_M.uasset" 395
"../../../Engine/Content/EngineSky/T_Sky_Stars.uasset" 396
"../../../Engine/Content/EngineSky/M_Sky_Panning_Clouds2.uasset" 397
"../../../Engine/Content/EngineSky/SM_SkySphere.uasset" 398
"../../../Engine/Content/EngineSky/BP_Sky_Sphere.uasset" 399
"../../../Gladiator/Content/Blueprints/Gameplay/GameplayPC.uasset" 400
"../../../Gladiator/Content/Blueprints/Gameplay/GameplayGM.uasset" 401
"../../../Gladiator/Content/Maps/Arena01_BuiltData.uasset" 402
"../../../Gladiator/Content/Geometry/Meshes/CubeMaterial.uasset" 403
"../../../Gladiator/Content/Geometry/Meshes/1M_Cube.uasset" 404
"../../../Gladiator/Content/Geometry/Meshes/1M_Cube_Chamfer.uasset" 405
"../../../Gladiator/Content/Geometry/Meshes/TemplateFloor.uasset" 406
"../../../Gladiator/Content/ThirdPerson/Meshes/RampMaterial.uasset" 407
"../../../Gladiator/Content/ThirdPerson/Meshes/Bump_StaticMesh.uasset" 408
"../../../Gladiator/Content/ThirdPerson/Meshes/LeftArm_StaticMesh.uasset" 409
"../../../Gladiator/Content/ThirdPerson/Meshes/Linear_Stair_StaticMesh.uasset" 410
"../../../Gladiator/Content/ThirdPerson/Meshes/Ramp_StaticMesh.uasset" 411
"../../../Gladiator/Content/ThirdPerson/Meshes/RightArm_StaticMesh.uasset" 412
"../../../Gladiator/Content/Maps/Arena01.umap" 413
"../../../Gladiator/Content/Maps/Arena02_BuiltData.uasset" 414
"../../../Gladiator/Content/Maps/Arena02.umap" 415
"../../../Gladiator/Content/UI/AllLevels/ChatWindow.uasset" 416
"../../../Gladiator/Content/UI/Lobby/CharacterSelect.uasset" 417
"../../../Gladiator/Content/UI/Lobby/GameSettings.uasset" 418
"../../../Gladiator/Content/UI/Lobby/LobbyMenu.uasset" 419
"../../../Gladiator/Content/UI/AllLevels/LoadingScreen.uasset" 420
"../../../Gladiator/Content/Blueprints/Lobby/LobbyPC.uasset" 421
"../../../Gladiator/Content/Blueprints/Lobby/LobbyGM.uasset" 422
"../../../Engine/Content/MapTemplates/SM_Template_Map_Floor.uasset" 423
"../../../Gladiator/Content/Maps/Lobby.umap" 424
"../../../Gladiator/Content/StarterContent/Textures/T_Ceramic_Tile_M.uasset" 425
"../../../Gladiator/Content/Blueprints/AllLevels/PlayerSaveGame.uasset" 426
"../../../Gladiator/Content/InfinityBladeWarriors/Character/CompleteCharacters/Textures_Materials/CharM_Cardboard/Char_M_Cardboard_D.uasset" 427
"../../../Gladiator/Content/UI/MainMenu/OptionsMenu.uasset" 428
"../../../Gladiator/Content/UI/MainMenu/HostMenu.uasset" 429
"../../../Gladiator/Content/UI/MainMenu/MainMenu.uasset" 430
"../../../Gladiator/Content/UI/MainMenu/ServerMenu.uasset" 431
"../../../Gladiator/Content/Blueprints/AllLevels/GameinfoInstance.uasset" 432
"../../../Gladiator/Content/Maps/MainMenu.umap" 433
"../../../Engine/Content/BasicShapes/BasicShapeMaterial.uasset" 434
"../../../Gladiator/Content/InfinityBladeWarriors/Character/CompleteCharacters/Textures_Materials/CharM_Standard/T_CharM_Standard_Elite_D.uasset" 435
"../../../Gladiator/Content/InfinityBladeWarriors/Character/CompleteCharacters/Textures_Materials/CharM_Standard/T_CharM_Standard_Mask.uasset" 436
"../../../Gladiator/Content/InfinityBladeWarriors/Character/CompleteCharacters/Textures_Materials/CharM_Standard/T_CharM_Standard_N.uasset" 437
"../../../Gladiator/Content/InfinityBladeWarriors/Character/CompleteCharacters/Textures_Materials/CharM_Standard/M_Char_Standard_Elite.uasset" 438
"../../../Gladiator/Content/InfinityBladeWarriors/Character/CompleteCharacters/Textures_Materials/CharM_Tusk/T_CharM_Horn_D.uasset" 439
"../../../Gladiator/Content/InfinityBladeWarriors/Character/CompleteCharacters/Textures_Materials/CharM_Tusk/M_Char_Horn.uasset" 440
"../../../Gladiator/Content/InfinityBladeWarriors/Character/CompleteCharacters/Textures_Materials/CharM_Tusk/T_CharM_Talon_D.uasset" 441
"../../../Gladiator/Content/InfinityBladeWarriors/Character/CompleteCharacters/Textures_Materials/CharM_Tusk/M_Char_Talon.uasset" 442
"../../../Gladiator/Content/InfinityBladeWarriors/Character/CompleteCharacters/Textures_Materials/CharM_Warrior/T_CharM_Warrior_D.uasset" 443
"../../../Gladiator/Content/InfinityBladeWarriors/Character/CompleteCharacters/Textures_Materials/CharM_Warrior/M_Char_Warrior.uasset" 444
"../../../Engine/Content/Functions/Engine_MaterialFunctions01/Gradient/RadialGradientExponential.uasset" 445
"../../../Gladiator/Content/InfinityBladeWarriors/Maps/LevelContent/Architecture/T_MeterGrid_01_M.uasset" 446
"../../../Gladiator/Content/InfinityBladeWarriors/Maps/LevelContent/Architecture/M_CycWall_01.uasset" 447
"../../../Engine/Content/BasicShapes/Cube.uasset" 448
"../../../Engine/Content/MapTemplates/lut/LUT_Daytime.uasset" 449
"../../../Gladiator/Content/InfinityBladeWarriors/Character/CompleteCharacters/Textures_Materials/CharM_Bladed/M_CharM_Bladed.uasset" 450
"../../../Gladiator/Content/InfinityBladeWarriors/Character/CompleteCharacters/SK_CharM_Bladed.uasset" 451
"../../../Gladiator/Content/InfinityBladeWarriors/Character/CompleteCharacters/Textures_Materials/CharM_Cardboard/Char_M_Cardboard_N.uasset" 452
"../../../Gladiator/Content/InfinityBladeWarriors/Character/CompleteCharacters/Textures_Materials/CharM_Cardboard/Char_M_Cardboard_Skin_Mask.uasset" 453
"../../../Gladiator/Content/InfinityBladeWarriors/Character/CompleteCharacters/Textures_Materials/CharM_Cardboard/M_Char_Cardboard.uasset" 454
"../../../Gladiator/Content/InfinityBladeWarriors/Character/CompleteCharacters/SK_CharM_Cardboard.uasset" 455
"../../../Gladiator/Content/InfinityBladeWarriors/Character/CompleteCharacters/Textures_Materials/CharM_Golden/T_CharM_Golden_D.uasset" 456
"../../../Gladiator/Content/InfinityBladeWarriors/Character/CompleteCharacters/Textures_Materials/CharM_Golden/T_CharM_Golden_Mask.uasset" 457
"../../../Gladiator/Content/InfinityBladeWarriors/Character/CompleteCharacters/Textures_Materials/CharM_Golden/T_CharM_Golden_N.uasset" 458
"../../../Gladiator/Content/InfinityBladeWarriors/Character/CompleteCharacters/Textures_Materials/CharM_Golden/M_Char_Golden.uasset" 459
"../../../Gladiator/Content/InfinityBladeWarriors/Character/CompleteCharacters/SK_CharM_Golden.uasset" 460
"../../../Gladiator/Content/InfinityBladeWarriors/Character/CompleteCharacters/Textures_Materials/CharM_Ragged/T_CharM_Ragged_D.uasset" 461
"../../../Gladiator/Content/InfinityBladeWarriors/Character/CompleteCharacters/Textures_Materials/CharM_Ragged/T_CharM_Ragged_Elite_Mask.uasset" 462
"../../../Gladiator/Content/InfinityBladeWarriors/Character/CompleteCharacters/Textures_Materials/CharM_Ragged/T_CharM_Ragged_N.uasset" 463
"../../../Gladiator/Content/InfinityBladeWarriors/Character/CompleteCharacters/Textures_Materials/CharM_Ragged/M_Char_Ragged.uasset" 464
"../../../Gladiator/Content/InfinityBladeWarriors/Character/CompleteCharacters/SK_CharM_Ragged0.uasset" 465
"../../../Gladiator/Content/InfinityBladeWarriors/Character/CompleteCharacters/Textures_Materials/CharM_Ragged/T_CharM_Ragged_Elite.uasset" 466
"../../../Gladiator/Content/InfinityBladeWarriors/Character/CompleteCharacters/Textures_Materials/CharM_Ragged/M_Char_RaggedElite.uasset" 467
"../../../Gladiator/Content/InfinityBladeWarriors/Character/CompleteCharacters/SK_CharM_RaggedElite.uasset" 468
"../../../Engine/Content/Functions/Engine_MaterialFunctions02/ExampleContent/Textures/LowResBlurredNoise.uasset" 469
"../../../Gladiator/Content/InfinityBladeWarriors/Character/CompleteCharacters/Textures_Materials/CharM_Ram/T_CharM_Ram_B_D.uasset" 470
"../../../Gladiator/Content/InfinityBladeWarriors/Character/CompleteCharacters/Textures_Materials/CharM_Ram/T_CharM_Ram_B_Mask.uasset" 471
"../../../Gladiator/Content/InfinityBladeWarriors/Character/CompleteCharacters/Textures_Materials/CharM_Ram/T_CharM_Ram_N.uasset" 472
"../../../Gladiator/Content/InfinityBladeWarriors/Character/CompleteCharacters/Textures_Materials/CharM_Ram/M_Char_Ram.uasset" 473
"../../../Gladiator/Content/InfinityBladeWarriors/Character/CompleteCharacters/SK_CharM_Ram.uasset" 474
"../../../Gladiator/Content/InfinityBladeWarriors/Character/CompleteCharacters/Textures_Materials/CharM_Shell/T_CharM_Shell_D.uasset" 475
"../../../Gladiator/Content/InfinityBladeWarriors/Character/CompleteCharacters/Textures_Materials/CharM_Shell/T_CharM_Shell_Mask.uasset" 476
"../../../Gladiator/Content/InfinityBladeWarriors/Character/CompleteCharacters/Textures_Materials/CharM_Shell/T_CharM_Shell_N.uasset" 477
"../../../Gladiator/Content/InfinityBladeWarriors/Character/CompleteCharacters/Textures_Materials/CharM_Shell/M_Char_Shell.uasset" 478
"../../../Gladiator/Content/InfinityBladeWarriors/Character/CompleteCharacters/SK_CharM_Shell.uasset" 479
"../../../Gladiator/Content/InfinityBladeWarriors/Character/CompleteCharacters/Textures_Materials/CharM_solid/T_CharM_solid_D.uasset" 480
"../../../Gladiator/Content/InfinityBladeWarriors/Character/CompleteCharacters/Textures_Materials/CharM_solid/T_CharM_solid_Mask.uasset" 481
"../../../Gladiator/Content/InfinityBladeWarriors/Character/CompleteCharacters/Textures_Materials/CharM_solid/T_CharM_solid_N.uasset" 482
"../../../Gladiator/Content/InfinityBladeWarriors/Character/CompleteCharacters/Textures_Materials/CharM_solid/M_Char_Solid.uasset" 483
"../../../Gladiator/Content/InfinityBladeWarriors/Character/CompleteCharacters/SK_CharM_solid.uasset" 484
"../../../Gladiator/Content/InfinityBladeWarriors/Character/CompleteCharacters/Textures_Materials/CharM_Standard/T_CharM_Standard_D.uasset" 485
"../../../Gladiator/Content/InfinityBladeWarriors/Character/CompleteCharacters/Textures_Materials/CharM_Standard/M_Char_Standard.uasset" 486
"../../../Gladiator/Content/InfinityBladeWarriors/Character/CompleteCharacters/SK_CharM_Standard.uasset" 487
"../../../Gladiator/Content/InfinityBladeWarriors/Maps/LevelContent/Architecture/M_1Meter_01.uasset" 488
"../../../Gladiator/Content/InfinityBladeWarriors/Maps/LevelContent/Architecture/SM_1Meter_01.uasset" 489
"../../../Gladiator/Content/InfinityBladeWarriors/Maps/LevelContent/Architecture/M_CycRoom_01.uasset" 490
"../../../Gladiator/Content/InfinityBladeWarriors/Maps/LevelContent/Architecture/SM_CycRoom_01.uasset" 491
"../../../Gladiator/Content/InfinityBladeWarriors/Maps/LevelContent/HDRI/HDRI_Epic_Courtyard_Daylight.uasset" 492
"../../../Gladiator/Content/InfinityBladeWarriors/Maps/Overview.umap" 493
"../../../Gladiator/Content/StarterContent/Blueprints/Assets/FogBrightnessLUT.uasset" 494
"../../../Gladiator/Content/StarterContent/Blueprints/Assets/SunlightColorLUT.uasset" 495
"../../../Gladiator/Content/StarterContent/Blueprints/Assets/M_LightStage_Arrows.uasset" 496
"../../../Engine/Content/MapTemplates/Sky/DaylightAmbientCubemap.uasset" 497
"../../../Gladiator/Content/StarterContent/Blueprints/Assets/M_LightStage_Skybox_Master.uasset" 498
"../../../Gladiator/Content/StarterContent/Blueprints/Assets/M_LightStage_Skybox_Black.uasset" 499
"../../../Gladiator/Content/StarterContent/Blueprints/Assets/M_LightStage_Skybox_HDRI.uasset" 500
"../../../Engine/Content/EditorMaterials/Thumbnails/SkySphereMaterial.uasset" 501
"../../../Gladiator/Content/StarterContent/Blueprints/Assets/Skybox.uasset" 502
"../../../Gladiator/Content/StarterContent/Blueprints/Assets/SM_Arrows.uasset" 503
"../../../Gladiator/Content/StarterContent/HDRI/HDRI_Epic_Courtyard_Daylight.uasset" 504
"../../../Gladiator/Content/StarterContent/Blueprints/BP_LightStudio.uasset" 505
"../../../Gladiator/Content/StarterContent/Maps/Advanced_Lighting_BuiltData.uasset" 506
"../../../Gladiator/Content/StarterContent/Materials/M_AssetPlatform.uasset" 507
"../../../Engine/Content/EditorMeshes/ColorCalibrator/M_ChromeBall.uasset" 508
"../../../Engine/Content/EditorMeshes/ColorCalibrator/M_ClearCoat.uasset" 509
"../../../Engine/Content/EditorMeshes/ColorCalibrator/M_ClearCoatBlack.uasset" 510
"../../../Engine/Content/EditorMeshes/ColorCalibrator/M_ColorGrid.uasset" 511
"../../../Engine/Content/EditorMeshes/ColorCalibrator/M_GreyBall.uasset" 512
"../../../Engine/Content/EditorMeshes/ColorCalibrator/SM_ColorCalibrator.uasset" 513
"../../../Gladiator/Content/StarterContent/Architecture/SM_AssetPlatform.uasset" 514
"../../../Gladiator/Content/StarterContent/Maps/Advanced_Lighting.umap" 515
"../../../Gladiator/Content/StarterContent/Maps/Minimal_Default_BuiltData.uasset" 516
"../../../Gladiator/Content/StarterContent/Textures/T_MacroVariation.uasset" 517
"../../../Gladiator/Content/StarterContent/Materials/M_Metal_Brushed_Nickel.uasset" 518
"../../../Gladiator/Content/StarterContent/Textures/T_Metal_Aluminum_D.uasset" 519
"../../../Gladiator/Content/StarterContent/Textures/T_Metal_Gold_N.uasset" 520
"../../../Gladiator/Content/StarterContent/Materials/M_Metal_Burnished_Steel.uasset" 521
"../../../Gladiator/Content/StarterContent/Textures/T_Metal_Copper_D.uasset" 522
"../../../Gladiator/Content/StarterContent/Materials/M_Metal_Copper.uasset" 523
"../../../Gladiator/Content/StarterContent/Textures/T_Statue_M.uasset" 524
"../../../Gladiator/Content/StarterContent/Textures/T_Statue_N.uasset" 525
"../../../Gladiator/Content/StarterContent/Props/Materials/M_StatueGlass.uasset" 526
"../../../Gladiator/Content/StarterContent/Architecture/Floor_400x400.uasset" 527
"../../../Gladiator/Content/StarterContent/Audio/Starter_Background_Cue.uasset" 528
"../../../Gladiator/Content/StarterContent/Props/SM_Chair.uasset" 529
"../../../Gladiator/Content/StarterContent/Props/Materials/M_Statue.uasset" 530
"../../../Gladiator/Content/StarterContent/Props/SM_Statue.uasset" 531
"../../../Gladiator/Content/StarterContent/Textures/T_TableRound_M.uasset" 532
"../../../Gladiator/Content/StarterContent/Textures/T_TableRound_N.uasset" 533
"../../../Gladiator/Content/StarterContent/Props/Materials/M_TableRound.uasset" 534
"../../../Gladiator/Content/StarterContent/Props/SM_TableRound.uasset" 535
"../../../Gladiator/Content/StarterContent/Maps/Minimal_Default.umap" 536
"../../../Gladiator/Content/StarterContent/Audio/Fire01_Cue.uasset" 537
"../../../Gladiator/Content/StarterContent/Textures/T_Fire_SubUV.uasset" 538
"../../../Gladiator/Content/StarterContent/Textures/T_Fire_Tiled_D.uasset" 539
"../../../Gladiator/Content/StarterContent/Particles/Materials/M_Fire_SubUV.uasset" 540
"../../../Gladiator/Content/StarterContent/Textures/T_Water_N.uasset" 541
"../../../Gladiator/Content/StarterContent/Particles/Materials/M_Heat_Distortion.uasset" 542
"../../../Gladiator/Content/StarterContent/Particles/Materials/M_Radial_Gradient.uasset" 543
"../../../Gladiator/Content/StarterContent/Particles/P_Fire.uasset" 544
"../../../Gladiator/Content/StarterContent/Blueprints/Blueprint_Effect_Fire.uasset" 545
"../../../Gladiator/Content/StarterContent/Audio/Smoke01_Cue.uasset" 546
"../../../Gladiator/Content/StarterContent/Particles/P_Smoke.uasset" 547
"../../../Gladiator/Content/StarterContent/Blueprints/Blueprint_Effect_Smoke.uasset" 548
"../../../Gladiator/Content/StarterContent/Audio/Fire_Sparks01_Cue.uasset" 549
"../../../Gladiator/Content/StarterContent/Textures/T_Spark_Core.uasset" 550
"../../../Gladiator/Content/StarterContent/Particles/Materials/M_Spark.uasset" 551
"../../../Gladiator/Content/StarterContent/Particles/P_Sparks.uasset" 552
"../../../Gladiator/Content/StarterContent/Blueprints/Blueprint_Effect_Sparks.uasset" 553
"../../../Gladiator/Content/StarterContent/Audio/Steam01_Cue.uasset" 554
"../../../Gladiator/Content/StarterContent/Particles/P_Steam_Lit.uasset" 555
"../../../Gladiator/Content/StarterContent/Blueprints/Blueprint_Effect_Steam.uasset" 556
"../../../Gladiator/Content/StarterContent/Textures/T_Lamp_M.uasset" 557
"../../../Gladiator/Content/StarterContent/Textures/T_Lamp_N.uasset" 558
"../../../Gladiator/Content/StarterContent/Props/Materials/M_Lamp.uasset" 559
"../../../Gladiator/Content/StarterContent/Props/SM_Lamp_Ceiling.uasset" 560
"../../../Gladiator/Content/StarterContent/Blueprints/Blueprint_CeilingLight.uasset" 561
"../../../Gladiator/Content/StarterContent/Props/SM_Lamp_Wall.uasset" 562
"../../../Gladiator/Content/StarterContent/Blueprints/Blueprint_WallSconce.uasset" 563
"../../../Gladiator/Content/StarterContent/Maps/StarterMap_BuiltData.uasset" 564
"../../../Engine/Content/Functions/Engine_MaterialFunctions03/Procedurals/ComputeFilterWidth.uasset" 565
"../../../Engine/Content/EngineMaterials/AntiAliasedTextMaterialTranslucent.uasset" 566
"../../../Gladiator/Content/StarterContent/Textures/T_Brick_Clay_Beveled_D.uasset" 567
"../../../Gladiator/Content/StarterContent/Textures/T_Brick_Clay_Beveled_M.uasset" 568
"../../../Gladiator/Content/StarterContent/Textures/T_Brick_Clay_Beveled_N.uasset" 569
"../../../Gladiator/Content/StarterContent/Materials/M_Brick_Clay_Beveled.uasset" 570
"../../../Gladiator/Content/StarterContent/Textures/T_Brick_Clay_New_D.uasset" 571
"../../../Gladiator/Content/StarterContent/Textures/T_Brick_Clay_New_M.uasset" 572
"../../../Gladiator/Content/StarterContent/Textures/T_Brick_Clay_New_N.uasset" 573
"../../../Gladiator/Content/StarterContent/Materials/M_Brick_Clay_New.uasset" 574
"../../../Gladiator/Content/StarterContent/Textures/T_Brick_Clay_Old_D.uasset" 575
"../../../Gladiator/Content/StarterContent/Textures/T_Brick_Clay_Old_N.uasset" 576
"../../../Gladiator/Content/StarterContent/Textures/T_Perlin_Noise_M.uasset" 577
"../../../Gladiator/Content/StarterContent/Materials/M_Brick_Clay_Old.uasset" 578
"../../../Gladiator/Content/StarterContent/Textures/T_Brick_Cut_Stone_D.uasset" 579
"../../../Gladiator/Content/StarterContent/Textures/T_Brick_Cut_Stone_N.uasset" 580
"../../../Gladiator/Content/StarterContent/Materials/M_Brick_Cut_Stone.uasset" 581
"../../../Gladiator/Content/StarterContent/Textures/T_Brick_Hewn_Stone_D.uasset" 582
"../../../Gladiator/Content/StarterContent/Textures/T_Brick_Hewn_Stone_M.uasset" 583
"../../../Gladiator/Content/StarterContent/Textures/T_Brick_Hewn_Stone_N.uasset" 584
"../../../Gladiator/Content/StarterContent/Materials/M_Brick_Hewn_Stone.uasset" 585
"../../../Gladiator/Content/StarterContent/Textures/T_Ceramic_Tile_N.uasset" 586
"../../../Gladiator/Content/StarterContent/Textures/T_Rock_Marble_Polished_D.uasset" 587
"../../../Gladiator/Content/StarterContent/Materials/M_Ceramic_Tile_Checker.uasset" 588
"../../../Gladiator/Content/StarterContent/Textures/T_CobbleStone_Pebble_D.uasset" 589
"../../../Gladiator/Content/StarterContent/Textures/T_CobbleStone_Pebble_M.uasset" 590
"../../../Gladiator/Content/StarterContent/Textures/T_CobbleStone_Pebble_N.uasset" 591
"../../../Gladiator/Content/StarterContent/Materials/M_CobbleStone_Pebble.uasset" 592
"../../../Gladiator/Content/StarterContent/Textures/T_CobbleStone_Rough_D.uasset" 593
"../../../Gladiator/Content/StarterContent/Textures/T_CobbleStone_Rough_N.uasset" 594
"../../../Gladiator/Content/StarterContent/Textures/T_Gradinet_01.uasset" 595
"../../../Gladiator/Content/StarterContent/Textures/T_Rock_Smooth_Granite_D.uasset" 596
"../../../Gladiator/Content/StarterContent/Materials/M_CobbleStone_Rough.uasset" 597
"../../../Gladiator/Content/StarterContent/Textures/T_CobbleStone_Smooth_D.uasset" 598
"../../../Gladiator/Content/StarterContent/Textures/T_CobbleStone_Smooth_M.uasset" 599
"../../../Gladiator/Content/StarterContent/Textures/T_CobbleStone_Smooth_N.uasset" 600
"../../../Gladiator/Content/StarterContent/Materials/M_CobbleStone_Smooth.uasset" 601
"../../../Gladiator/Content/StarterContent/Textures/T_Concrete_Grime_D.uasset" 602
"../../../Gladiator/Content/StarterContent/Textures/T_Metal_Rust_N.uasset" 603
"../../../Gladiator/Content/StarterContent/Materials/M_Concrete_Grime.uasset" 604
"../../../Gladiator/Content/StarterContent/Textures/T_Concrete_Panels_D.uasset" 605
"../../../Gladiator/Content/StarterContent/Textures/T_Concrete_Panels_N.uasset" 606
"../../../Gladiator/Content/StarterContent/Materials/M_Concrete_Panels.uasset" 607
"../../../Gladiator/Content/StarterContent/Textures/T_Concrete_Poured_D.uasset" 608
"../../../Gladiator/Content/StarterContent/Textures/T_Concrete_Poured_N.uasset" 609
"../../../Gladiator/Content/StarterContent/Materials/M_Concrete_Poured.uasset" 610
"../../../Gladiator/Content/StarterContent/Textures/T_Concrete_Tiles_D.uasset" 611
"../../../Gladiator/Content/StarterContent/Textures/T_Concrete_Tiles_M.uasset" 612
"../../../Gladiator/Content/StarterContent/Textures/T_Concrete_Tiles_N.uasset" 613
"../../../Gladiator/Content/StarterContent/Textures/T_Concrete_Tiles_Variation_M.uasset" 614
"../../../Gladiator/Content/StarterContent/Materials/M_Concrete_Tiles.uasset" 615
"../../../Gladiator/Content/StarterContent/Textures/T_Ground_Grass_D.uasset" 616
"../../../Gladiator/Content/StarterContent/Textures/T_Ground_Grass_N.uasset" 617
"../../../Gladiator/Content/StarterContent/Materials/M_Ground_Grass.uasset" 618
"../../../Gladiator/Content/StarterContent/Textures/T_Ground_Gravel_D.uasset" 619
"../../../Gladiator/Content/StarterContent/Textures/T_Ground_Gravel_N.uasset" 620
"../../../Gladiator/Content/StarterContent/Materials/M_Ground_Gravel.uasset" 621
"../../../Gladiator/Content/StarterContent/Textures/T_ground_Moss_D.uasset" 622
"../../../Gladiator/Content/StarterContent/Textures/T_Ground_Moss_N.uasset" 623
"../../../Gladiator/Content/StarterContent/Materials/M_Ground_Moss.uasset" 624
"../../../Gladiator/Content/StarterContent/Materials/M_Metal_Chrome.uasset" 625
"../../../Gladiator/Content/StarterContent/Textures/T_Metal_Gold_D.uasset" 626
"../../../Gladiator/Content/StarterContent/Materials/M_Metal_Gold.uasset" 627
"../../../Gladiator/Content/StarterContent/Textures/T_Metal_Rust_D.uasset" 628
"../../../Gladiator/Content/StarterContent/Materials/M_Metal_Rust.uasset" 629
"../../../Gladiator/Content/StarterContent/Textures/T_Metal_Steel_D.uasset" 630
"../../../Gladiator/Content/StarterContent/Textures/T_Metal_Steel_N.uasset" 631
"../../../Gladiator/Content/StarterContent/Materials/M_Metal_Steel.uasset" 632
"../../../Gladiator/Content/StarterContent/Textures/T_Rock_Basalt_N.uasset" 633
"../../../Gladiator/Content/StarterContent/Materials/M_Rock_Basalt.uasset" 634
"../../../Gladiator/Content/StarterContent/Materials/M_Rock_Marble_Polished.uasset" 635
"../../../Gladiator/Content/StarterContent/Textures/T_Rock_Sandstone_D.uasset" 636
"../../../Gladiator/Content/StarterContent/Textures/T_Rock_Sandstone_N.uasset" 637
"../../../Gladiator/Content/StarterContent/Materials/M_Rock_Sandstone.uasset" 638
"../../../Gladiator/Content/StarterContent/Textures/T_Rock_Slate_D.uasset" 639
"../../../Gladiator/Content/StarterContent/Textures/T_Rock_Slate_N.uasset" 640
"../../../Gladiator/Content/StarterContent/Materials/M_Rock_Slate.uasset" 641
"../../../Gladiator/Content/StarterContent/Textures/T_Checker_Noise_M.uasset" 642
"../../../Gladiator/Content/StarterContent/Textures/T_Single_Tile_N.uasset" 643
"../../../Gladiator/Content/StarterContent/Textures/T_Tech_Dot_M.uasset" 644
"../../../Gladiator/Content/StarterContent/Textures/T_Tech_Dot_N.uasset" 645
"../../../Gladiator/Content/StarterContent/Materials/M_Tech_Checker_Dot.uasset" 646
"../../../Gladiator/Content/StarterContent/Textures/T_Tech_Hex_Tile_M.uasset" 647
"../../../Gladiator/Content/StarterContent/Textures/T_Tech_Hex_Tile_N.uasset" 648
"../../../Gladiator/Content/StarterContent/Materials/M_Tech_Hex_Tile.uasset" 649
"../../../Gladiator/Content/StarterContent/Materials/M_Tech_Hex_Tile_Pulse.uasset" 650
"../../../Gladiator/Content/StarterContent/Textures/T_Tech_Panel_M.uasset" 651
"../../../Gladiator/Content/StarterContent/Textures/T_Tech_Panel_N.uasset" 652
"../../../Gladiator/Content/StarterContent/Materials/M_Tech_Panel.uasset" 653
"../../../Gladiator/Content/StarterContent/Materials/M_Water_Lake.uasset" 654
"../../../Gladiator/Content/StarterContent/Textures/T_Water_M.uasset" 655
"../../../Gladiator/Content/StarterContent/Materials/M_Water_Ocean.uasset" 656
"../../../Gladiator/Content/StarterContent/Textures/T_Wood_Floor_Walnut_D.uasset" 657
"../../../Gladiator/Content/StarterContent/Textures/T_Wood_Floor_Walnut_M.uasset" 658
"../../../Gladiator/Content/StarterContent/Textures/T_Wood_Floor_Walnut_N.uasset" 659
"../../../Gladiator/Content/StarterContent/Materials/M_Wood_Floor_Walnut_Polished.uasset" 660
"../../../Engine/Content/Functions/Engine_MaterialFunctions01/Opacity/AlphaOffset.uasset" 661
"../../../Gladiator/Content/StarterContent/Materials/M_Wood_Floor_Walnut_Worn.uasset" 662
"../../../Gladiator/Content/StarterContent/Textures/T_Wood_Oak_D.uasset" 663
"../../../Gladiator/Content/StarterContent/Textures/T_Wood_Oak_N.uasset" 664
"../../../Gladiator/Content/StarterContent/Materials/M_Wood_Oak.uasset" 665
"../../../Gladiator/Content/StarterContent/Textures/T_Wood_Pine_D.uasset" 666
"../../../Gladiator/Content/StarterContent/Textures/T_Wood_Pine_N.uasset" 667
"../../../Gladiator/Content/StarterContent/Materials/M_Wood_Pine.uasset" 668
"../../../Gladiator/Content/StarterContent/Textures/T_Wood_Walnut_D.uasset" 669
"../../../Gladiator/Content/StarterContent/Textures/T_Wood_Walnut_N.uasset" 670
"../../../Gladiator/Content/StarterContent/Materials/M_Wood_Walnut.uasset" 671
"../../../Gladiator/Content/StarterContent/Architecture/Wall_400x200.uasset" 672
"../../../Gladiator/Content/StarterContent/Architecture/Wall_Door_400x300.uasset" 673
"../../../Gladiator/Content/StarterContent/Architecture/Wall_Window_400x300.uasset" 674
"../../../Gladiator/Content/StarterContent/Audio/Collapse_Cue.uasset" 675
"../../../Gladiator/Content/StarterContent/Audio/Starter_Music_Cue.uasset" 676
"../../../Gladiator/Content/StarterContent/Textures/T_Dust_Particle_D.uasset" 677
"../../../Gladiator/Content/StarterContent/Particles/Materials/M_Dust_Particle.uasset" 678
"../../../Gladiator/Content/StarterContent/Particles/P_Ambient_Dust.uasset" 679
"../../../Gladiator/Content/StarterContent/Props/MaterialSphere.uasset" 680
"../../../Gladiator/Content/StarterContent/Textures/T_Frame_M.uasset" 681
"../../../Gladiator/Content/StarterContent/Textures/T_Frame_N.uasset" 682
"../../../Gladiator/Content/StarterContent/Props/Materials/M_Frame.uasset" 683
"../../../Gladiator/Content/StarterContent/Props/SM_CornerFrame.uasset" 684
"../../../Gladiator/Content/StarterContent/Props/SM_DoorFrame.uasset" 685
"../../../Gladiator/Content/StarterContent/Props/SM_GlassWindow.uasset" 686
"../../../Gladiator/Content/StarterContent/Props/SM_PillarFrame.uasset" 687
"../../../Gladiator/Content/StarterContent/Props/SM_PillarFrame300.uasset" 688
"../../../Gladiator/Content/StarterContent/Props/SM_WindowFrame.uasset" 689
"../../../Gladiator/Content/StarterContent/Shapes/Shape_Cube.uasset" 690
"../../../Gladiator/Content/StarterContent/Shapes/Shape_QuadPyramid.uasset" 691
"../../../Gladiator/Content/StarterContent/Shapes/Shape_Sphere.uasset" 692
"../../../Gladiator/Content/StarterContent/Maps/StarterMap.umap" 693
"../../../Gladiator/Content/ThirdPersonBP/Maps/ThirdPersonExampleMap_BuiltData.uasset" 694
"../../../Gladiator/Content/ThirdPersonBP/Maps/ThirdPersonExampleMap.umap" 695
